<?xml version="1.0" encoding="UTF-8"?>
<!-- Generated by org.testng.reporters.JUnitReportReporter -->
<testsuite hostname="DESKTOP-OSOCRLT" failures="0" tests="3" name="com.QA.SeleniumScript.DependsOnDemo" time="0.021" errors="0" timestamp="2022-03-01T14:56:59 IST" skipped="0">
  <testcase classname="com.QA.SeleniumScript.DependsOnDemo" name="CreateEmail" time="0.002"/>
  <system-out/>
  <testcase classname="com.QA.SeleniumScript.DependsOnDemo" name="login" time="0.015"/>
  <system-out/>
  <testcase classname="com.QA.SeleniumScript.DependsOnDemo" name="DeleteEmail" time="0.004"/>
  <system-out/>
</testsuite> <!-- com.QA.SeleniumScript.DependsOnDemo -->
