<?xml version="1.0" encoding="UTF-8"?>
<!-- Generated by org.testng.reporters.JUnitReportReporter -->
<testsuite hostname="DESKTOP-OSOCRLT" failures="0" tests="2" name="com.QA.SeleniumScript.BforeAfterClass" time="44.078" errors="0" timestamp="2022-03-01T16:03:31 IST" skipped="0">
  <testcase classname="com.QA.SeleniumScript.BforeAfterClass" name="TestWikiHomepage" time="42.867"/>
  <system-out/>
  <testcase classname="com.QA.SeleniumScript.BforeAfterClass" name="TestWikiLoginPage" time="1.211"/>
  <system-out/>
</testsuite> <!-- com.QA.SeleniumScript.BforeAfterClass -->
