<?xml version="1.0" encoding="UTF-8"?>
<!-- Generated by org.testng.reporters.JUnitReportReporter -->
<testsuite hostname="DESKTOP-OSOCRLT" failures="0" tests="2" name="com.QA.SeleniumScript.afterbeforeDemo" time="82.972" errors="0" timestamp="2022-03-01T16:03:31 IST" skipped="0">
  <testcase classname="com.QA.SeleniumScript.afterbeforeDemo" name="TestWikiHomepage" time="47.655"/>
  <system-out/>
  <testcase classname="com.QA.SeleniumScript.afterbeforeDemo" name="TestWikiLoginPage" time="35.317"/>
  <system-out/>
</testsuite> <!-- com.QA.SeleniumScript.afterbeforeDemo -->
