<?xml version="1.0" encoding="UTF-8"?>
<!-- Generated by org.testng.reporters.JUnitReportReporter -->
<testsuite hostname="DESKTOP-OSOCRLT" failures="0" tests="3" name="com.QA.SeleniumScript.AnnotationDemo" time="0.026" errors="0" timestamp="2022-03-01T14:42:08 IST" skipped="0">
  <testcase classname="com.QA.SeleniumScript.AnnotationDemo" name="TestCase1" time="0.018"/>
  <system-out/>
  <testcase classname="com.QA.SeleniumScript.AnnotationDemo" name="TestCase2" time="0.002"/>
  <system-out/>
  <testcase classname="com.QA.SeleniumScript.AnnotationDemo" name="TestCase3" time="0.006"/>
  <system-out/>
</testsuite> <!-- com.QA.SeleniumScript.AnnotationDemo -->
